<?xml version="1.0" encoding="UTF-8"?>
<!-- Generated by org.testng.reporters.JUnitReportReporter -->
<testsuite hostname="DESKTOP-RGRGGAD" failures="0" tests="7" name="launch" time="22.879" errors="0" timestamp="2024-11-27T08:41:04 IST" skipped="0">
  <testcase classname="launch" name="revenueCalculatorpage" time="3.404"/>
  <testcase classname="launch" name="scrollToSliderSection" time="3.031"/>
  <testcase classname="launch" name="adjustSlider" time="8.040"/>
  <testcase classname="launch" name="updateTextField" time="1.127"/>
  <testcase classname="launch" name="selectCPTCodes" time="1.610"/>
  <testcase classname="launch" name="validateSelectedTotalRecurringReimbursement" time="0.029"/>
  <testcase classname="launch" name="validateAllTotalRecurringReimbursement" time="5.638"/>
</testsuite> <!-- launch -->
